
> salex@1.0.0 dev /Users/manish/Desktop/salex
> turbo run dev "--filter=api"

turbo 2.5.5

• Packages in scope: api
• Running dev in 1 packages
• Remote caching disabled
api:dev: cache bypass, force executing f505f2d2a6ec55bc
api:dev: 
api:dev: > api@0.0.1 dev /Users/manish/Desktop/salex/apps/api
api:dev: > nest start --watch
api:dev: 
api:dev: c[[90m11:37:16 AM[0m] Starting compilation in watch mode...
api:dev: 
api:dev: [[90m11:37:18 AM[0m] Found 0 errors. Watching for file changes.
api:dev: 
api:dev: Starting October 8, 2024, the Node SDK is entering a three-month notice period. We encourage everyone to migrate to @clerk/express. For full details, please see our changelog: https://clerk.com/changelog/2024-10-08-express-sdk
api:dev: [32m[Nest] 79704  - [39m07/29/2025, 11:37:18 AM [32m    LOG[39m [38;5;3m[NestFactory] [39m[32mStarting Nest application...[39m
api:dev: [32m[Nest] 79704  - [39m07/29/2025, 11:37:18 AM [32m    LOG[39m [38;5;3m[InstanceLoader] [39m[32mThrottlerModule dependencies initialized[39m[38;5;3m +31ms[39m
api:dev: [32m[Nest] 79704  - [39m07/29/2025, 11:37:18 AM [32m    LOG[39m [38;5;3m[InstanceLoader] [39m[32mConfigHostModule dependencies initialized[39m[38;5;3m +0ms[39m
api:dev: [32m[Nest] 79704  - [39m07/29/2025, 11:37:18 AM [32m    LOG[39m [38;5;3m[InstanceLoader] [39m[32mConfigModule dependencies initialized[39m[38;5;3m +1ms[39m
api:dev: [32m[Nest] 79704  - [39m07/29/2025, 11:37:18 AM [32m    LOG[39m [38;5;3m[InstanceLoader] [39m[32mConfigModule dependencies initialized[39m[38;5;3m +0ms[39m
api:dev: [32m[Nest] 79704  - [39m07/29/2025, 11:37:18 AM [32m    LOG[39m [38;5;3m[InstanceLoader] [39m[32mAppModule dependencies initialized[39m[38;5;3m +0ms[39m
api:dev: [32m[Nest] 79704  - [39m07/29/2025, 11:37:18 AM [32m    LOG[39m [38;5;3m[InstanceLoader] [39m[32mBusinessModule dependencies initialized[39m[38;5;3m +0ms[39m
api:dev: [32m[Nest] 79704  - [39m07/29/2025, 11:37:18 AM [32m    LOG[39m [38;5;3m[InstanceLoader] [39m[32mWhatsAppModule dependencies initialized[39m[38;5;3m +0ms[39m
api:dev: [32m[Nest] 79704  - [39m07/29/2025, 11:37:18 AM [32m    LOG[39m [38;5;3m[InstanceLoader] [39m[32mAuthModule dependencies initialized[39m[38;5;3m +0ms[39m
api:dev: [32m[Nest] 79704  - [39m07/29/2025, 11:37:18 AM [32m    LOG[39m [38;5;3m[RoutesResolver] [39m[32mAppController {/}:[39m[38;5;3m +3ms[39m
api:dev: [32m[Nest] 79704  - [39m07/29/2025, 11:37:18 AM [32m    LOG[39m [38;5;3m[RouterExplorer] [39m[32mMapped {/, GET} route[39m[38;5;3m +1ms[39m
api:dev: [32m[Nest] 79704  - [39m07/29/2025, 11:37:18 AM [32m    LOG[39m [38;5;3m[RouterExplorer] [39m[32mMapped {/health, GET} route[39m[38;5;3m +0ms[39m
api:dev: [32m[Nest] 79704  - [39m07/29/2025, 11:37:18 AM [32m    LOG[39m [38;5;3m[RouterExplorer] [39m[32mMapped {/health/db, GET} route[39m[38;5;3m +0ms[39m
api:dev: [32m[Nest] 79704  - [39m07/29/2025, 11:37:18 AM [32m    LOG[39m [38;5;3m[RoutesResolver] [39m[32mAuthController {/api/v1}:[39m[38;5;3m +0ms[39m
api:dev: [32m[Nest] 79704  - [39m07/29/2025, 11:37:18 AM [32m    LOG[39m [38;5;3m[RouterExplorer] [39m[32mMapped {/api/v1/auth/me, GET} route[39m[38;5;3m +1ms[39m
api:dev: [32m[Nest] 79704  - [39m07/29/2025, 11:37:18 AM [32m    LOG[39m [38;5;3m[RouterExplorer] [39m[32mMapped {/api/v1/businesses/me, GET} route[39m[38;5;3m +0ms[39m
api:dev: [32m[Nest] 79704  - [39m07/29/2025, 11:37:18 AM [32m    LOG[39m [38;5;3m[RouterExplorer] [39m[32mMapped {/api/v1/auth/health, GET} route[39m[38;5;3m +0ms[39m
api:dev: [32m[Nest] 79704  - [39m07/29/2025, 11:37:18 AM [32m    LOG[39m [38;5;3m[RoutesResolver] [39m[32mBusinessController {/api/v1/businesses}:[39m[38;5;3m +0ms[39m
api:dev: [32m[Nest] 79704  - [39m07/29/2025, 11:37:18 AM [32m    LOG[39m [38;5;3m[RouterExplorer] [39m[32mMapped {/api/v1/businesses, POST} route[39m[38;5;3m +0ms[39m
api:dev: [32m[Nest] 79704  - [39m07/29/2025, 11:37:18 AM [32m    LOG[39m [38;5;3m[RouterExplorer] [39m[32mMapped {/api/v1/businesses/:businessId, GET} route[39m[38;5;3m +0ms[39m
api:dev: [32m[Nest] 79704  - [39m07/29/2025, 11:37:18 AM [32m    LOG[39m [38;5;3m[RouterExplorer] [39m[32mMapped {/api/v1/businesses/:businessId, PUT} route[39m[38;5;3m +0ms[39m
api:dev: [32m[Nest] 79704  - [39m07/29/2025, 11:37:18 AM [32m    LOG[39m [38;5;3m[RouterExplorer] [39m[32mMapped {/api/v1/businesses/:businessId/services, GET} route[39m[38;5;3m +0ms[39m
api:dev: [32m[Nest] 79704  - [39m07/29/2025, 11:37:18 AM [32m    LOG[39m [38;5;3m[RouterExplorer] [39m[32mMapped {/api/v1/businesses/me, GET} route[39m[38;5;3m +1ms[39m
api:dev: [32m[Nest] 79704  - [39m07/29/2025, 11:37:18 AM [32m    LOG[39m [38;5;3m[RouterExplorer] [39m[32mMapped {/api/v1/businesses/:businessId/bookings, GET} route[39m[38;5;3m +0ms[39m
api:dev: [32m[Nest] 79704  - [39m07/29/2025, 11:37:18 AM [32m    LOG[39m [38;5;3m[RoutesResolver] [39m[32mWhatsAppController {/webhooks/whatsapp}:[39m[38;5;3m +0ms[39m
api:dev: [32m[Nest] 79704  - [39m07/29/2025, 11:37:18 AM [32m    LOG[39m [38;5;3m[RouterExplorer] [39m[32mMapped {/webhooks/whatsapp, GET} route[39m[38;5;3m +0ms[39m
api:dev: [32m[Nest] 79704  - [39m07/29/2025, 11:37:18 AM [32m    LOG[39m [38;5;3m[RouterExplorer] [39m[32mMapped {/webhooks/whatsapp, POST} route[39m[38;5;3m +0ms[39m
api:dev: [32m[Nest] 79704  - [39m07/29/2025, 11:37:18 AM [32m    LOG[39m [38;5;3m[RouterExplorer] [39m[32mMapped {/webhooks/whatsapp/health, GET} route[39m[38;5;3m +0ms[39m
api:dev: [32m[Nest] 79704  - [39m07/29/2025, 11:37:19 AM [32m    LOG[39m [38;5;3m[NestApplication] [39m[32mNest application successfully started[39m[38;5;3m +57ms[39m
api:dev: [32m[Nest] 79704  - [39m07/29/2025, 11:37:19 AM [32m    LOG[39m [38;5;3m[Bootstrap] [39m[32m🚀 API Server running on http://localhost:3000[39m
api:dev: [32m[Nest] 79704  - [39m07/29/2025, 11:37:19 AM [32m    LOG[39m [38;5;3m[Bootstrap] [39m[32m📱 WhatsApp webhook: http://localhost:3000/webhooks/whatsapp[39m
api:dev: [32m[Nest] 79704  - [39m07/29/2025, 11:37:19 AM [32m    LOG[39m [38;5;3m[Bootstrap] [39m[32m🔐 Auth endpoints: http://localhost:3000/api/v1/auth/*[39m
api:dev: [32m[Nest] 79704  - [39m07/29/2025, 11:37:19 AM [32m    LOG[39m [38;5;3m[Bootstrap] [39m[32m🏢 Business endpoints: http://localhost:3000/api/v1/businesses/*[39m
api:dev: [32m[Nest] 79704  - [39m07/29/2025, 11:37:19 AM [32m    LOG[39m [38;5;3m[Bootstrap] [39m[32m🛡️  Security features enabled: Rate limiting, CORS, Helmet, Input validation[39m
api:dev: [32m[Nest] 79704  - [39m07/29/2025, 11:37:19 AM [32m    LOG[39m [38;5;3m[Bootstrap] [39m[32m🔍 Environment: development[39m
api:dev: c[[90m1:02:31 PM[0m] File change detected. Starting incremental compilation...
api:dev: 
